# JRE version: Java(TM) SE Runtime Environment (8.0_144-b01) (build 1.8.0_144-b01)
# Java VM: Java HotSpot(TM) 64-Bit Server VM (25.144-b01 mixed mode windows-amd64 compressed oops)
Heap:
 PSYoungGen      total 139776K, used 139408K [0x000000076c980000, 0x0000000775c80000, 0x00000007c0000000)
  eden space 129024K, 99% used [0x000000076c980000,0x00000007747272d8,0x0000000774780000)
  from space 10752K, 99% used [0x0000000775200000,0x0000000775c7d050,0x0000000775c80000)
  to   space 10752K, 0% used [0x0000000774780000,0x0000000774780000,0x0000000775200000)
 ParOldGen       total 172032K, used 51624K [0x00000006c5c00000, 0x00000006d0400000, 0x000000076c980000)
  object space 172032K, 30% used [0x00000006c5c00000,0x00000006c8e6a000,0x00000006d0400000)
 Metaspace       used 3054K, capacity 4716K, committed 4864K, reserved 1056768K
  class space    used 319K, capacity 424K, committed 512K, reserved 1048576K
GC Heap History (4 events):
Event: 7.421 GC heap before
{Heap before GC invocations=1 (full 0):
 PSYoungGen      total 75264K, used 64512K [0x000000076c980000, 0x0000000771d80000, 0x00000007c0000000)
  eden space 64512K, 100% used [0x000000076c980000,0x0000000770880000,0x0000000770880000)
  from space 10752K, 0% used [0x0000000771300000,0x0000000771300000,0x0000000771d80000)
  to   space 10752K, 0% used [0x0000000770880000,0x0000000770880000,0x0000000771300000)
 ParOldGen       total 172032K, used 0K [0x00000006c5c00000, 0x00000006d0400000, 0x000000076c980000)
  object space 172032K, 0% used [0x00000006c5c00000,0x00000006c5c00000,0x00000006d0400000)
 Metaspace       used 2993K, capacity 4716K, committed 4864K, reserved 1056768K
  class space    used 319K, capacity 424K, committed 512K, reserved 1048576K
Event: 7.537 GC heap after
Heap after GC invocations=1 (full 0):
 PSYoungGen      total 75264K, used 10728K [0x000000076c980000, 0x0000000775c80000, 0x00000007c0000000)
  eden space 64512K, 0% used [0x000000076c980000,0x000000076c980000,0x0000000770880000)
  from space 10752K, 99% used [0x0000000770880000,0x00000007712fa050,0x0000000771300000)
  to   space 10752K, 0% used [0x0000000775200000,0x0000000775200000,0x0000000775c80000)
 ParOldGen       total 172032K, used 27688K [0x00000006c5c00000, 0x00000006d0400000, 0x000000076c980000)
  object space 172032K, 16% used [0x00000006c5c00000,0x00000006c770a000,0x00000006d0400000)
 Metaspace       used 2993K, capacity 4716K, committed 4864K, reserved 1056768K
  class space    used 319K, capacity 424K, committed 512K, reserved 1048576K
}
Event: 8.937 GC heap before
{Heap before GC invocations=2 (full 0):
 PSYoungGen      total 75264K, used 75240K [0x000000076c980000, 0x0000000775c80000, 0x00000007c0000000)
  eden space 64512K, 100% used [0x000000076c980000,0x0000000770880000,0x0000000770880000)
  from space 10752K, 99% used [0x0000000770880000,0x00000007712fa050,0x0000000771300000)
  to   space 10752K, 0% used [0x0000000775200000,0x0000000775200000,0x0000000775c80000)
 ParOldGen       total 172032K, used 27688K [0x00000006c5c00000, 0x00000006d0400000, 0x000000076c980000)
  object space 172032K, 16% used [0x00000006c5c00000,0x00000006c770a000,0x00000006d0400000)
 Metaspace       used 3013K, capacity 4716K, committed 4864K, reserved 1056768K
  class space    used 319K, capacity 424K, committed 512K, reserved 1048576K
Event: 9.028 GC heap after
Heap after GC invocations=2 (full 0):
 PSYoungGen      total 139776K, used 10740K [0x000000076c980000, 0x0000000775c80000, 0x00000007c0000000)
  eden space 129024K, 0% used [0x000000076c980000,0x000000076c980000,0x0000000774780000)
  from space 10752K, 99% used [0x0000000775200000,0x0000000775c7d050,0x0000000775c80000)
  to   space 10752K, 0% used [0x0000000774780000,0x0000000774780000,0x0000000775200000)
 ParOldGen       total 172032K, used 51624K [0x00000006c5c00000, 0x00000006d0400000, 0x000000076c980000)
  object space 172032K, 30% used [0x00000006c5c00000,0x00000006c8e6a000,0x00000006d0400000)
 Metaspace       used 3013K, capacity 4716K, committed 4864K, reserved 1056768K
  class space    used 319K, capacity 424K, committed 512K, reserved 1048576K
}

